<?xml version="1.0" encoding="UTF-8"?>
<testng-results ignored="0" total="1" passed="1" failed="0" skipped="0">
  <reporter-output>
  </reporter-output>
  <suite started-at="2023-03-10T15:34:08 IST" name="Default suite" finished-at="2023-03-10T15:34:08 IST" duration-ms="49">
    <groups>
    </groups>
    <test started-at="2023-03-10T15:34:08 IST" name="Default test" finished-at="2023-03-10T15:34:08 IST" duration-ms="49">
      <class name="Pack1.Simple2">
        <test-method signature="test2()[pri:0, instance:Pack1.Simple2@51dcb805]" started-at="2023-03-10T15:34:08 IST" name="test2" finished-at="2023-03-10T15:34:08 IST" duration-ms="9" status="PASS">
          <reporter-output>
          </reporter-output>
        </test-method> <!-- test2 -->
      </class> <!-- Pack1.Simple2 -->
    </test> <!-- Default test -->
  </suite> <!-- Default suite -->
</testng-results>
