<?xml version="1.0" encoding="UTF-8"?>
<testng-results ignored="0" total="3" passed="3" failed="0" skipped="0">
  <reporter-output>
  </reporter-output>
  <suite started-at="2023-03-10T17:49:15 IST" name="Suite" finished-at="2023-03-10T17:49:15 IST" duration-ms="76">
    <groups>
    </groups>
    <test started-at="2023-03-10T17:49:15 IST" name="Test" finished-at="2023-03-10T17:49:15 IST" duration-ms="76">
      <class name="Pack1.Simple3">
        <test-method signature="test3()[pri:0, instance:Pack1.Simple3@223aa2f7]" started-at="2023-03-10T17:49:15 IST" name="test3" finished-at="2023-03-10T17:49:15 IST" duration-ms="3" status="PASS">
          <reporter-output>
          </reporter-output>
        </test-method> <!-- test3 -->
      </class> <!-- Pack1.Simple3 -->
      <class name="Pack1.Simple2">
        <test-method signature="test2()[pri:0, instance:Pack1.Simple2@120f102b]" started-at="2023-03-10T17:49:15 IST" name="test2" finished-at="2023-03-10T17:49:15 IST" duration-ms="10" status="PASS">
          <reporter-output>
          </reporter-output>
        </test-method> <!-- test2 -->
      </class> <!-- Pack1.Simple2 -->
      <class name="Pack1.Simple">
        <test-method signature="test1()[pri:0, instance:Pack1.Simple@50ad3bc1]" started-at="2023-03-10T17:49:15 IST" name="test1" finished-at="2023-03-10T17:49:15 IST" duration-ms="2" status="PASS">
          <reporter-output>
          </reporter-output>
        </test-method> <!-- test1 -->
      </class> <!-- Pack1.Simple -->
    </test> <!-- Test -->
  </suite> <!-- Suite -->
</testng-results>
